2018-11-15 17:16:37.321  INFO 6060 --- [restartedMain] com.exam.web.OnlineExamApplication       : Starting OnlineExamApplication on MS-20180726GGZM with PID 6060 (D:\eclipse_workspace\OnlineExam\target\classes started by Administrator in D:\eclipse_workspace\OnlineExam)
2018-11-15 17:16:37.325  INFO 6060 --- [restartedMain] com.exam.web.OnlineExamApplication       : No active profile set, falling back to default profiles: default
2018-11-15 17:16:37.421  INFO 6060 --- [restartedMain] ConfigServletWebServerApplicationContext : Refreshing org.springframework.boot.web.servlet.context.AnnotationConfigServletWebServerApplicationContext@2f4ede28: startup date [Thu Nov 15 17:16:37 GMT+08:00 2018]; root of context hierarchy
2018-11-15 17:16:48.313  INFO 6060 --- [restartedMain] o.s.b.w.embedded.tomcat.TomcatWebServer  : Tomcat initialized with port(s): 8848 (http)
2018-11-15 17:16:48.569  INFO 6060 --- [restartedMain] o.apache.catalina.core.StandardService   : Starting service [Tomcat]
2018-11-15 17:16:48.570  INFO 6060 --- [restartedMain] org.apache.catalina.core.StandardEngine  : Starting Servlet Engine: Apache Tomcat/8.5.29
2018-11-15 17:16:48.615  INFO 6060 --- [localhost-startStop-1] o.a.catalina.core.AprLifecycleListener   : The APR based Apache Tomcat Native library which allows optimal performance in production environments was not found on the java.library.path: [E:\Java\jdk1.8.0_181\bin;C:\Windows\Sun\Java\bin;C:\Windows\system32;C:\Windows;E:/Java/jre1.8.0_181/bin/server;E:/Java/jre1.8.0_181/bin;E:/Java/jre1.8.0_181/lib/amd64;D:\oracle\product\10.2.0\client_1\bin;C:\Program Files (x86)\Common Files\Oracle\Java\javapath;C:\Windows\system32;C:\Windows;C:\Windows\System32\Wbem;C:\Windows\System32\WindowsPowerShell\v1.0\;D:\RN_Software\nodejs\;E:\Java\jdk1.8.0_181\bin;E:\Java\jdk1.8.0_181\jre\bin;D:\RN_Software\Yarn\bin\;D:\RN_Software\Microsoft VS Code\bin;D:\phabricator\arcanist\bin;D:\phabricator\PuTTY\;D:\phabricator\TortoiseSVN\bin;D:\RN_Software\Git\cmd;E:\Android\android-sdk\platform-tools;E:\Android\android-sdk\tools;D:\RN_Software\jboss-4.2.3.GA\bin;D:\RN_Software\wildfly-10.0.0.Final\bin;D:\phabricator\php;C:\Program Files (x86)\Windows Kits\8.1\Windows Performance Toolkit\;D:\maven\apache-maven-3.5.0\bin;E:\Java\gradle-3.1\bin;D:\MySql\mysql-5.7.24-winx64\bin;C:\Users\Administrator\AppData\Roaming\npm;C:\Users\Administrator\AppData\Local\Yarn\bin;D:\eclipse;;.]
2018-11-15 17:16:49.002  INFO 6060 --- [localhost-startStop-1] o.a.c.c.C.[Tomcat].[localhost].[/]       : Initializing Spring embedded WebApplicationContext
2018-11-15 17:16:49.002  INFO 6060 --- [localhost-startStop-1] o.s.web.context.ContextLoader            : Root WebApplicationContext: initialization completed in 11581 ms
2018-11-15 17:16:49.559  INFO 6060 --- [localhost-startStop-1] o.s.b.w.servlet.ServletRegistrationBean  : Servlet statViewServlet mapped to [/druid/*]
2018-11-15 17:16:49.562  INFO 6060 --- [localhost-startStop-1] o.s.b.w.servlet.ServletRegistrationBean  : Servlet dispatcherServlet mapped to [/]
2018-11-15 17:16:49.566  INFO 6060 --- [localhost-startStop-1] o.s.b.w.servlet.FilterRegistrationBean   : Mapping filter: 'characterEncodingFilter' to: [/*]
2018-11-15 17:16:49.566  INFO 6060 --- [localhost-startStop-1] o.s.b.w.servlet.FilterRegistrationBean   : Mapping filter: 'hiddenHttpMethodFilter' to: [/*]
2018-11-15 17:16:49.567  INFO 6060 --- [localhost-startStop-1] o.s.b.w.servlet.FilterRegistrationBean   : Mapping filter: 'httpPutFormContentFilter' to: [/*]
2018-11-15 17:16:49.568  INFO 6060 --- [localhost-startStop-1] o.s.b.w.servlet.FilterRegistrationBean   : Mapping filter: 'requestContextFilter' to: [/*]
2018-11-15 17:16:49.575  INFO 6060 --- [localhost-startStop-1] o.s.b.w.servlet.FilterRegistrationBean   : Mapping filter: 'webStatFilter' to urls: [/*]
2018-11-15 17:16:49.916  WARN 6060 --- [restartedMain] ConfigServletWebServerApplicationContext : Exception encountered during context initialization - cancelling refresh attempt: org.springframework.beans.factory.UnsatisfiedDependencyException: Error creating bean with name 'userController': Unsatisfied dependency expressed through field 'userService'; nested exception is org.springframework.beans.factory.NoSuchBeanDefinitionException: No qualifying bean of type 'com.exam.web.service.UserService' available: expected at least 1 bean which qualifies as autowire candidate. Dependency annotations: {@org.springframework.beans.factory.annotation.Autowired(required=true)}
2018-11-15 17:16:49.921  INFO 6060 --- [restartedMain] o.apache.catalina.core.StandardService   : Stopping service [Tomcat]
2018-11-15 17:16:50.164  INFO 6060 --- [restartedMain] ConditionEvaluationReportLoggingListener : 

Error starting ApplicationContext. To display the conditions report re-run your application with 'debug' enabled.
2018-11-15 17:16:50.583 ERROR 6060 --- [restartedMain] o.s.b.d.LoggingFailureAnalysisReporter   : 

***************************
APPLICATION FAILED TO START
***************************

Description:

Field userService in com.exam.web.controller.UserController required a bean of type 'com.exam.web.service.UserService' that could not be found.


Action:

Consider defining a bean of type 'com.exam.web.service.UserService' in your configuration.

2018-11-15 17:24:41.393  INFO 6304 --- [restartedMain] com.exam.web.OnlineExamApplication       : Starting OnlineExamApplication on MS-20180726GGZM with PID 6304 (D:\eclipse_workspace\OnlineExam\target\classes started by Administrator in D:\eclipse_workspace\OnlineExam)
2018-11-15 17:24:41.396  INFO 6304 --- [restartedMain] com.exam.web.OnlineExamApplication       : No active profile set, falling back to default profiles: default
2018-11-15 17:24:41.473  INFO 6304 --- [restartedMain] ConfigServletWebServerApplicationContext : Refreshing org.springframework.boot.web.servlet.context.AnnotationConfigServletWebServerApplicationContext@2374d9aa: startup date [Thu Nov 15 17:24:41 GMT+08:00 2018]; root of context hierarchy
2018-11-15 17:24:44.262  INFO 6304 --- [restartedMain] o.s.b.w.embedded.tomcat.TomcatWebServer  : Tomcat initialized with port(s): 8848 (http)
2018-11-15 17:24:44.299  INFO 6304 --- [restartedMain] o.apache.catalina.core.StandardService   : Starting service [Tomcat]
2018-11-15 17:24:44.299  INFO 6304 --- [restartedMain] org.apache.catalina.core.StandardEngine  : Starting Servlet Engine: Apache Tomcat/8.5.29
2018-11-15 17:24:44.313  INFO 6304 --- [localhost-startStop-1] o.a.catalina.core.AprLifecycleListener   : The APR based Apache Tomcat Native library which allows optimal performance in production environments was not found on the java.library.path: [E:\Java\jdk1.8.0_181\bin;C:\Windows\Sun\Java\bin;C:\Windows\system32;C:\Windows;E:/Java/jre1.8.0_181/bin/server;E:/Java/jre1.8.0_181/bin;E:/Java/jre1.8.0_181/lib/amd64;D:\oracle\product\10.2.0\client_1\bin;C:\Program Files (x86)\Common Files\Oracle\Java\javapath;C:\Windows\system32;C:\Windows;C:\Windows\System32\Wbem;C:\Windows\System32\WindowsPowerShell\v1.0\;D:\RN_Software\nodejs\;E:\Java\jdk1.8.0_181\bin;E:\Java\jdk1.8.0_181\jre\bin;D:\RN_Software\Yarn\bin\;D:\RN_Software\Microsoft VS Code\bin;D:\phabricator\arcanist\bin;D:\phabricator\PuTTY\;D:\phabricator\TortoiseSVN\bin;D:\RN_Software\Git\cmd;E:\Android\android-sdk\platform-tools;E:\Android\android-sdk\tools;D:\RN_Software\jboss-4.2.3.GA\bin;D:\RN_Software\wildfly-10.0.0.Final\bin;D:\phabricator\php;C:\Program Files (x86)\Windows Kits\8.1\Windows Performance Toolkit\;D:\maven\apache-maven-3.5.0\bin;E:\Java\gradle-3.1\bin;D:\MySql\mysql-5.7.24-winx64\bin;C:\Users\Administrator\AppData\Roaming\npm;C:\Users\Administrator\AppData\Local\Yarn\bin;D:\eclipse;;.]
2018-11-15 17:24:44.435  INFO 6304 --- [localhost-startStop-1] o.a.c.c.C.[Tomcat].[localhost].[/]       : Initializing Spring embedded WebApplicationContext
2018-11-15 17:24:44.436  INFO 6304 --- [localhost-startStop-1] o.s.web.context.ContextLoader            : Root WebApplicationContext: initialization completed in 2963 ms
2018-11-15 17:24:44.710  INFO 6304 --- [localhost-startStop-1] o.s.b.w.servlet.ServletRegistrationBean  : Servlet statViewServlet mapped to [/druid/*]
2018-11-15 17:24:44.712  INFO 6304 --- [localhost-startStop-1] o.s.b.w.servlet.ServletRegistrationBean  : Servlet dispatcherServlet mapped to [/]
2018-11-15 17:24:44.715  INFO 6304 --- [localhost-startStop-1] o.s.b.w.servlet.FilterRegistrationBean   : Mapping filter: 'characterEncodingFilter' to: [/*]
2018-11-15 17:24:44.717  INFO 6304 --- [localhost-startStop-1] o.s.b.w.servlet.FilterRegistrationBean   : Mapping filter: 'hiddenHttpMethodFilter' to: [/*]
2018-11-15 17:24:44.718  INFO 6304 --- [localhost-startStop-1] o.s.b.w.servlet.FilterRegistrationBean   : Mapping filter: 'httpPutFormContentFilter' to: [/*]
2018-11-15 17:24:44.741  INFO 6304 --- [localhost-startStop-1] o.s.b.w.servlet.FilterRegistrationBean   : Mapping filter: 'requestContextFilter' to: [/*]
2018-11-15 17:24:44.742  INFO 6304 --- [localhost-startStop-1] o.s.b.w.servlet.FilterRegistrationBean   : Mapping filter: 'webStatFilter' to urls: [/*]
2018-11-15 17:24:46.467  INFO 6304 --- [restartedMain] o.s.w.s.handler.SimpleUrlHandlerMapping  : Mapped URL path [/**/favicon.ico] onto handler of type [class org.springframework.web.servlet.resource.ResourceHttpRequestHandler]
2018-11-15 17:24:46.797  INFO 6304 --- [restartedMain] s.w.s.m.m.a.RequestMappingHandlerAdapter : Looking for @ControllerAdvice: org.springframework.boot.web.servlet.context.AnnotationConfigServletWebServerApplicationContext@2374d9aa: startup date [Thu Nov 15 17:24:41 GMT+08:00 2018]; root of context hierarchy
2018-11-15 17:24:46.950  INFO 6304 --- [restartedMain] s.w.s.m.m.a.RequestMappingHandlerMapping : Mapped "{[/profile],methods=[GET]}" onto public java.lang.String com.exam.web.controller.UserController.profile(javax.servlet.http.HttpServletRequest,org.springframework.ui.Model)
2018-11-15 17:24:46.952  INFO 6304 --- [restartedMain] s.w.s.m.m.a.RequestMappingHandlerMapping : Mapped "{[/api/updatePassword],methods=[POST]}" onto public com.exam.web.common.AjaxResult com.exam.web.controller.UserController.updatePassword(javax.servlet.http.HttpServletRequest,javax.servlet.http.HttpServletResponse)
2018-11-15 17:24:46.953  INFO 6304 --- [restartedMain] s.w.s.m.m.a.RequestMappingHandlerMapping : Mapped "{[/password],methods=[GET]}" onto public java.lang.String com.exam.web.controller.UserController.password(javax.servlet.http.HttpServletRequest,org.springframework.ui.Model)
2018-11-15 17:24:46.954  INFO 6304 --- [restartedMain] s.w.s.m.m.a.RequestMappingHandlerMapping : Mapped "{[/api/updateUser],methods=[POST]}" onto public com.exam.web.common.AjaxResult com.exam.web.controller.UserController.updateUser(javax.servlet.http.HttpServletRequest,javax.servlet.http.HttpServletResponse)
2018-11-15 17:24:46.955  INFO 6304 --- [restartedMain] s.w.s.m.m.a.RequestMappingHandlerMapping : Mapped "{[/api/login],methods=[POST]}" onto public com.exam.web.common.AjaxResult com.exam.web.controller.UserController.login(javax.servlet.http.HttpServletRequest,javax.servlet.http.HttpServletResponse)
2018-11-15 17:24:46.960  INFO 6304 --- [restartedMain] s.w.s.m.m.a.RequestMappingHandlerMapping : Mapped "{[/logout],methods=[GET]}" onto public java.lang.String com.exam.web.controller.UserController.logout(javax.servlet.http.HttpServletRequest)
2018-11-15 17:24:46.961  INFO 6304 --- [restartedMain] s.w.s.m.m.a.RequestMappingHandlerMapping : Mapped "{[/api/uploadAvatar],methods=[POST]}" onto public java.util.Map<java.lang.String, java.lang.Object> com.exam.web.controller.UserController.uploadAvatar(javax.servlet.http.HttpServletRequest,org.springframework.web.multipart.MultipartFile) throws java.lang.IllegalStateException,java.io.IOException
2018-11-15 17:24:46.962  INFO 6304 --- [restartedMain] s.w.s.m.m.a.RequestMappingHandlerMapping : Mapped "{[/api/addAccount],methods=[POST]}" onto public com.exam.web.common.AjaxResult com.exam.web.controller.UserController.addAccount(com.exam.web.model.User)
2018-11-15 17:24:46.963  INFO 6304 --- [restartedMain] s.w.s.m.m.a.RequestMappingHandlerMapping : Mapped "{[/api/updateManegeAccount],methods=[POST]}" onto public com.exam.web.common.AjaxResult com.exam.web.controller.UserController.updateAccount(com.exam.web.model.User)
2018-11-15 17:24:46.964  INFO 6304 --- [restartedMain] s.w.s.m.m.a.RequestMappingHandlerMapping : Mapped "{[/api/deleteAccount/{id}],methods=[DELETE]}" onto public com.exam.web.common.AjaxResult com.exam.web.controller.UserController.deleteAccount(int)
2018-11-15 17:24:46.964  INFO 6304 --- [restartedMain] s.w.s.m.m.a.RequestMappingHandlerMapping : Mapped "{[/api/disabledAccount/{id}],methods=[POST]}" onto public com.exam.web.common.AjaxResult com.exam.web.controller.UserController.disabledAccount(int)
2018-11-15 17:24:46.965  INFO 6304 --- [restartedMain] s.w.s.m.m.a.RequestMappingHandlerMapping : Mapped "{[/api/abledAccount/{id}],methods=[POST]}" onto public com.exam.web.common.AjaxResult com.exam.web.controller.UserController.abledAccount(int)
2018-11-15 17:24:46.970  INFO 6304 --- [restartedMain] s.w.s.m.m.a.RequestMappingHandlerMapping : Mapped "{[/error]}" onto public org.springframework.http.ResponseEntity<java.util.Map<java.lang.String, java.lang.Object>> org.springframework.boot.autoconfigure.web.servlet.error.BasicErrorController.error(javax.servlet.http.HttpServletRequest)
2018-11-15 17:24:46.971  INFO 6304 --- [restartedMain] s.w.s.m.m.a.RequestMappingHandlerMapping : Mapped "{[/error],produces=[text/html]}" onto public org.springframework.web.servlet.ModelAndView org.springframework.boot.autoconfigure.web.servlet.error.BasicErrorController.errorHtml(javax.servlet.http.HttpServletRequest,javax.servlet.http.HttpServletResponse)
2018-11-15 17:24:47.016  INFO 6304 --- [restartedMain] o.s.w.s.handler.SimpleUrlHandlerMapping  : Mapped URL path [/webjars/**] onto handler of type [class org.springframework.web.servlet.resource.ResourceHttpRequestHandler]
2018-11-15 17:24:47.017  INFO 6304 --- [restartedMain] o.s.w.s.handler.SimpleUrlHandlerMapping  : Mapped URL path [/**] onto handler of type [class org.springframework.web.servlet.resource.ResourceHttpRequestHandler]
2018-11-15 17:24:47.352  INFO 6304 --- [restartedMain] o.s.b.a.w.s.WelcomePageHandlerMapping    : Adding welcome page template: index
2018-11-15 17:24:47.913  INFO 6304 --- [restartedMain] o.s.b.d.a.OptionalLiveReloadServer       : LiveReload server is running on port 35729
2018-11-15 17:24:47.952  INFO 6304 --- [restartedMain] o.s.j.e.a.AnnotationMBeanExporter        : Registering beans for JMX exposure on startup
2018-11-15 17:24:47.957  INFO 6304 --- [restartedMain] o.s.j.e.a.AnnotationMBeanExporter        : Bean with name 'dataSource' has been autodetected for JMX exposure
2018-11-15 17:24:47.958  INFO 6304 --- [restartedMain] o.s.j.e.a.AnnotationMBeanExporter        : Bean with name 'statFilter' has been autodetected for JMX exposure
2018-11-15 17:24:47.958  INFO 6304 --- [restartedMain] o.s.j.e.a.AnnotationMBeanExporter        : Bean with name 'wallFilter' has been autodetected for JMX exposure
2018-11-15 17:24:47.967  INFO 6304 --- [restartedMain] o.s.j.e.a.AnnotationMBeanExporter        : Located MBean 'dataSource': registering with JMX server as MBean [com.alibaba.druid.pool:name=dataSource,type=DruidDataSource]
2018-11-15 17:24:47.971  INFO 6304 --- [restartedMain] o.s.j.e.a.AnnotationMBeanExporter        : Located MBean 'wallFilter': registering with JMX server as MBean [com.alibaba.druid.wall:name=wallFilter,type=WallFilter]
2018-11-15 17:24:47.972  INFO 6304 --- [restartedMain] o.s.j.e.a.AnnotationMBeanExporter        : Located MBean 'statFilter': registering with JMX server as MBean [com.alibaba.druid.filter.stat:name=statFilter,type=StatFilter]
2018-11-15 17:24:48.160  INFO 6304 --- [restartedMain] o.s.b.w.embedded.tomcat.TomcatWebServer  : Tomcat started on port(s): 8848 (http) with context path ''
2018-11-15 17:24:48.166  INFO 6304 --- [restartedMain] com.exam.web.OnlineExamApplication       : Started OnlineExamApplication in 7.304 seconds (JVM running for 7.858)
2018-11-15 17:25:04.436  INFO 6304 --- [http-nio-8848-exec-2] o.a.c.c.C.[Tomcat].[localhost].[/]       : Initializing Spring FrameworkServlet 'dispatcherServlet'
2018-11-15 17:25:04.436  INFO 6304 --- [http-nio-8848-exec-2] o.s.web.servlet.DispatcherServlet        : FrameworkServlet 'dispatcherServlet': initialization started
2018-11-15 17:25:04.467  INFO 6304 --- [http-nio-8848-exec-2] o.s.web.servlet.DispatcherServlet        : FrameworkServlet 'dispatcherServlet': initialization completed in 31 ms
2018-11-15 17:27:34.924  INFO 6304 --- [Thread-6] ConfigServletWebServerApplicationContext : Closing org.springframework.boot.web.servlet.context.AnnotationConfigServletWebServerApplicationContext@2374d9aa: startup date [Thu Nov 15 17:24:41 GMT+08:00 2018]; root of context hierarchy
2018-11-15 17:27:34.938  INFO 6304 --- [Thread-6] o.s.j.e.a.AnnotationMBeanExporter        : Unregistering JMX-exposed beans on shutdown
2018-11-15 17:27:34.940  INFO 6304 --- [Thread-6] o.s.j.e.a.AnnotationMBeanExporter        : Unregistering JMX-exposed beans
2018-11-15 17:27:35.501  INFO 6304 --- [restartedMain] com.exam.web.OnlineExamApplication       : Starting OnlineExamApplication on MS-20180726GGZM with PID 6304 (D:\eclipse_workspace\OnlineExam\target\classes started by Administrator in D:\eclipse_workspace\OnlineExam)
2018-11-15 17:27:35.502  INFO 6304 --- [restartedMain] com.exam.web.OnlineExamApplication       : No active profile set, falling back to default profiles: default
2018-11-15 17:27:35.507  INFO 6304 --- [restartedMain] ConfigServletWebServerApplicationContext : Refreshing org.springframework.boot.web.servlet.context.AnnotationConfigServletWebServerApplicationContext@2f9e5203: startup date [Thu Nov 15 17:27:35 GMT+08:00 2018]; root of context hierarchy
2018-11-15 17:27:35.983  INFO 6304 --- [restartedMain] o.s.b.w.embedded.tomcat.TomcatWebServer  : Tomcat initialized with port(s): 8848 (http)
2018-11-15 17:27:35.985  INFO 6304 --- [restartedMain] o.apache.catalina.core.StandardService   : Starting service [Tomcat]
2018-11-15 17:27:35.985  INFO 6304 --- [restartedMain] org.apache.catalina.core.StandardEngine  : Starting Servlet Engine: Apache Tomcat/8.5.29
2018-11-15 17:27:36.004  INFO 6304 --- [localhost-startStop-1] o.a.c.c.C.[Tomcat].[localhost].[/]       : Initializing Spring embedded WebApplicationContext
2018-11-15 17:27:36.005  INFO 6304 --- [localhost-startStop-1] o.s.web.context.ContextLoader            : Root WebApplicationContext: initialization completed in 498 ms
2018-11-15 17:27:36.076  INFO 6304 --- [localhost-startStop-1] o.s.b.w.servlet.ServletRegistrationBean  : Servlet statViewServlet mapped to [/druid/*]
2018-11-15 17:27:36.080  INFO 6304 --- [localhost-startStop-1] o.s.b.w.servlet.ServletRegistrationBean  : Servlet dispatcherServlet mapped to [/]
2018-11-15 17:27:36.081  INFO 6304 --- [localhost-startStop-1] o.s.b.w.servlet.FilterRegistrationBean   : Mapping filter: 'characterEncodingFilter' to: [/*]
2018-11-15 17:27:36.082  INFO 6304 --- [localhost-startStop-1] o.s.b.w.servlet.FilterRegistrationBean   : Mapping filter: 'hiddenHttpMethodFilter' to: [/*]
2018-11-15 17:27:36.083  INFO 6304 --- [localhost-startStop-1] o.s.b.w.servlet.FilterRegistrationBean   : Mapping filter: 'httpPutFormContentFilter' to: [/*]
2018-11-15 17:27:36.084  INFO 6304 --- [localhost-startStop-1] o.s.b.w.servlet.FilterRegistrationBean   : Mapping filter: 'requestContextFilter' to: [/*]
2018-11-15 17:27:36.084  INFO 6304 --- [localhost-startStop-1] o.s.b.w.servlet.FilterRegistrationBean   : Mapping filter: 'webStatFilter' to urls: [/*]
2018-11-15 17:27:36.268  INFO 6304 --- [restartedMain] o.s.w.s.handler.SimpleUrlHandlerMapping  : Mapped URL path [/**/favicon.ico] onto handler of type [class org.springframework.web.servlet.resource.ResourceHttpRequestHandler]
2018-11-15 17:27:36.327  INFO 6304 --- [restartedMain] s.w.s.m.m.a.RequestMappingHandlerAdapter : Looking for @ControllerAdvice: org.springframework.boot.web.servlet.context.AnnotationConfigServletWebServerApplicationContext@2f9e5203: startup date [Thu Nov 15 17:27:35 GMT+08:00 2018]; root of context hierarchy
2018-11-15 17:27:36.341  INFO 6304 --- [restartedMain] s.w.s.m.m.a.RequestMappingHandlerMapping : Mapped "{[/index/profile],methods=[GET]}" onto public java.lang.String com.exam.web.controller.UserController.profile(javax.servlet.http.HttpServletRequest,org.springframework.ui.Model)
2018-11-15 17:27:36.342  INFO 6304 --- [restartedMain] s.w.s.m.m.a.RequestMappingHandlerMapping : Mapped "{[/index/api/updatePassword],methods=[POST]}" onto public com.exam.web.common.AjaxResult com.exam.web.controller.UserController.updatePassword(javax.servlet.http.HttpServletRequest,javax.servlet.http.HttpServletResponse)
2018-11-15 17:27:36.342  INFO 6304 --- [restartedMain] s.w.s.m.m.a.RequestMappingHandlerMapping : Mapped "{[/index/password],methods=[GET]}" onto public java.lang.String com.exam.web.controller.UserController.password(javax.servlet.http.HttpServletRequest,org.springframework.ui.Model)
2018-11-15 17:27:36.343  INFO 6304 --- [restartedMain] s.w.s.m.m.a.RequestMappingHandlerMapping : Mapped "{[/index/api/updateUser],methods=[POST]}" onto public com.exam.web.common.AjaxResult com.exam.web.controller.UserController.updateUser(javax.servlet.http.HttpServletRequest,javax.servlet.http.HttpServletResponse)
2018-11-15 17:27:36.343  INFO 6304 --- [restartedMain] s.w.s.m.m.a.RequestMappingHandlerMapping : Mapped "{[/index/api/login],methods=[POST]}" onto public com.exam.web.common.AjaxResult com.exam.web.controller.UserController.login(javax.servlet.http.HttpServletRequest,javax.servlet.http.HttpServletResponse)
2018-11-15 17:27:36.344  INFO 6304 --- [restartedMain] s.w.s.m.m.a.RequestMappingHandlerMapping : Mapped "{[/index/logout],methods=[GET]}" onto public java.lang.String com.exam.web.controller.UserController.logout(javax.servlet.http.HttpServletRequest)
2018-11-15 17:27:36.344  INFO 6304 --- [restartedMain] s.w.s.m.m.a.RequestMappingHandlerMapping : Mapped "{[/index/api/uploadAvatar],methods=[POST]}" onto public java.util.Map<java.lang.String, java.lang.Object> com.exam.web.controller.UserController.uploadAvatar(javax.servlet.http.HttpServletRequest,org.springframework.web.multipart.MultipartFile) throws java.lang.IllegalStateException,java.io.IOException
2018-11-15 17:27:36.345  INFO 6304 --- [restartedMain] s.w.s.m.m.a.RequestMappingHandlerMapping : Mapped "{[/index/api/addAccount],methods=[POST]}" onto public com.exam.web.common.AjaxResult com.exam.web.controller.UserController.addAccount(com.exam.web.model.User)
2018-11-15 17:27:36.346  INFO 6304 --- [restartedMain] s.w.s.m.m.a.RequestMappingHandlerMapping : Mapped "{[/index/api/updateManegeAccount],methods=[POST]}" onto public com.exam.web.common.AjaxResult com.exam.web.controller.UserController.updateAccount(com.exam.web.model.User)
2018-11-15 17:27:36.347  INFO 6304 --- [restartedMain] s.w.s.m.m.a.RequestMappingHandlerMapping : Mapped "{[/index/api/deleteAccount/{id}],methods=[DELETE]}" onto public com.exam.web.common.AjaxResult com.exam.web.controller.UserController.deleteAccount(int)
2018-11-15 17:27:36.347  INFO 6304 --- [restartedMain] s.w.s.m.m.a.RequestMappingHandlerMapping : Mapped "{[/index/api/disabledAccount/{id}],methods=[POST]}" onto public com.exam.web.common.AjaxResult com.exam.web.controller.UserController.disabledAccount(int)
2018-11-15 17:27:36.347  INFO 6304 --- [restartedMain] s.w.s.m.m.a.RequestMappingHandlerMapping : Mapped "{[/index/api/abledAccount/{id}],methods=[POST]}" onto public com.exam.web.common.AjaxResult com.exam.web.controller.UserController.abledAccount(int)
2018-11-15 17:27:36.350  INFO 6304 --- [restartedMain] s.w.s.m.m.a.RequestMappingHandlerMapping : Mapped "{[/error]}" onto public org.springframework.http.ResponseEntity<java.util.Map<java.lang.String, java.lang.Object>> org.springframework.boot.autoconfigure.web.servlet.error.BasicErrorController.error(javax.servlet.http.HttpServletRequest)
2018-11-15 17:27:36.351  INFO 6304 --- [restartedMain] s.w.s.m.m.a.RequestMappingHandlerMapping : Mapped "{[/error],produces=[text/html]}" onto public org.springframework.web.servlet.ModelAndView org.springframework.boot.autoconfigure.web.servlet.error.BasicErrorController.errorHtml(javax.servlet.http.HttpServletRequest,javax.servlet.http.HttpServletResponse)
2018-11-15 17:27:36.373  INFO 6304 --- [restartedMain] o.s.w.s.handler.SimpleUrlHandlerMapping  : Mapped URL path [/webjars/**] onto handler of type [class org.springframework.web.servlet.resource.ResourceHttpRequestHandler]
2018-11-15 17:27:36.373  INFO 6304 --- [restartedMain] o.s.w.s.handler.SimpleUrlHandlerMapping  : Mapped URL path [/**] onto handler of type [class org.springframework.web.servlet.resource.ResourceHttpRequestHandler]
2018-11-15 17:27:36.400  INFO 6304 --- [restartedMain] o.s.b.a.w.s.WelcomePageHandlerMapping    : Adding welcome page template: index
2018-11-15 17:27:36.452  INFO 6304 --- [restartedMain] o.s.b.d.a.OptionalLiveReloadServer       : LiveReload server is running on port 35729
2018-11-15 17:27:36.477  INFO 6304 --- [restartedMain] o.s.j.e.a.AnnotationMBeanExporter        : Registering beans for JMX exposure on startup
2018-11-15 17:27:36.477  INFO 6304 --- [restartedMain] o.s.j.e.a.AnnotationMBeanExporter        : Bean with name 'dataSource' has been autodetected for JMX exposure
2018-11-15 17:27:36.478  INFO 6304 --- [restartedMain] o.s.j.e.a.AnnotationMBeanExporter        : Bean with name 'statFilter' has been autodetected for JMX exposure
2018-11-15 17:27:36.478  INFO 6304 --- [restartedMain] o.s.j.e.a.AnnotationMBeanExporter        : Bean with name 'wallFilter' has been autodetected for JMX exposure
2018-11-15 17:27:36.485  INFO 6304 --- [restartedMain] o.s.j.e.a.AnnotationMBeanExporter        : Located MBean 'dataSource': registering with JMX server as MBean [com.alibaba.druid.pool:name=dataSource,type=DruidDataSource]
2018-11-15 17:27:36.491  INFO 6304 --- [restartedMain] o.s.j.e.a.AnnotationMBeanExporter        : Located MBean 'wallFilter': registering with JMX server as MBean [com.alibaba.druid.wall:name=wallFilter,type=WallFilter]
2018-11-15 17:27:36.493  INFO 6304 --- [restartedMain] o.s.j.e.a.AnnotationMBeanExporter        : Located MBean 'statFilter': registering with JMX server as MBean [com.alibaba.druid.filter.stat:name=statFilter,type=StatFilter]
2018-11-15 17:27:36.512  INFO 6304 --- [restartedMain] o.s.b.w.embedded.tomcat.TomcatWebServer  : Tomcat started on port(s): 8848 (http) with context path ''
2018-11-15 17:27:36.515  INFO 6304 --- [restartedMain] com.exam.web.OnlineExamApplication       : Started OnlineExamApplication in 1.056 seconds (JVM running for 176.194)
2018-11-15 17:27:36.519  INFO 6304 --- [restartedMain] .ConditionEvaluationDeltaLoggingListener : Condition evaluation unchanged
2018-11-15 17:27:45.417  INFO 6304 --- [http-nio-8848-exec-1] o.a.c.c.C.[Tomcat].[localhost].[/]       : Initializing Spring FrameworkServlet 'dispatcherServlet'
2018-11-15 17:27:45.418  INFO 6304 --- [http-nio-8848-exec-1] o.s.web.servlet.DispatcherServlet        : FrameworkServlet 'dispatcherServlet': initialization started
2018-11-15 17:27:45.437  INFO 6304 --- [http-nio-8848-exec-1] o.s.web.servlet.DispatcherServlet        : FrameworkServlet 'dispatcherServlet': initialization completed in 19 ms
2018-11-15 17:28:34.459  WARN 6304 --- [http-nio-8848-exec-10] o.s.web.servlet.PageNotFound             : Request method 'GET' not supported
2018-11-15 17:28:34.460  WARN 6304 --- [http-nio-8848-exec-10] .w.s.m.s.DefaultHandlerExceptionResolver : Resolved exception caused by Handler execution: org.springframework.web.HttpRequestMethodNotSupportedException: Request method 'GET' not supported
